\BOOKMARK [1][-]{section.1}{\376\377\000I\000n\000t\000r\000o\000d\000u\000c\000t\000i\000o\000n}{}% 1
\BOOKMARK [1][-]{section.2}{\376\377\000M\000e\000t\000h\000o\000d\000s}{}% 2
\BOOKMARK [2][-]{subsection.2.1}{\376\377\000U\000t\000i\000l\000i\000z\000a\000t\000i\000o\000n\000\040\000o\000f\000\040\000S\000m\000a\000r\000t\000p\000h\000o\000n\000e\000\040\000S\000e\000n\000s\000o\000r\000s}{section.2}% 3
\BOOKMARK [3][-]{subsubsection.2.1.1}{\376\377\000M\000e\000a\000s\000u\000r\000e\000m\000e\000n\000t\000\040\000o\000f\000\040\000A\000c\000c\000e\000l\000e\000r\000a\000t\000i\000o\000n\000\040\000v\000i\000a\000\040\000C\000a\000l\000i\000b\000r\000a\000t\000i\000o\000n\000\040\000a\000n\000d\000\040\000D\000i\000f\000f\000e\000r\000e\000n\000c\000i\000n\000g}{subsection.2.1}% 4
\BOOKMARK [3][-]{subsubsection.2.1.2}{\376\377\000O\000r\000i\000e\000n\000t\000a\000t\000i\000o\000n\000\040\000E\000s\000t\000i\000m\000a\000t\000i\000o\000n\000\040\000U\000s\000i\000n\000g\000\040\000t\000h\000e\000\040\000A\000c\000c\000e\000l\000e\000r\000o\000m\000e\000t\000e\000r}{subsection.2.1}% 5
\BOOKMARK [3][-]{subsubsection.2.1.3}{\376\377\000V\000a\000l\000i\000d\000\040\000R\000a\000n\000g\000e\000\040\000f\000o\000r\000\040\000A\000c\000c\000e\000l\000e\000r\000o\000m\000e\000t\000e\000r\000-\000B\000a\000s\000e\000d\000\040\000O\000r\000i\000e\000n\000t\000a\000t\000i\000o\000n\000\040\000E\000s\000t\000i\000m\000a\000t\000i\000o\000n}{subsection.2.1}% 6
\BOOKMARK [3][-]{subsubsection.2.1.4}{\376\377\000O\000r\000i\000e\000n\000t\000a\000t\000i\000o\000n\000\040\000T\000r\000a\000c\000k\000i\000n\000g\000\040\000U\000s\000i\000n\000g\000\040\000t\000h\000e\000\040\000G\000y\000r\000o\000s\000c\000o\000p\000e}{subsection.2.1}% 7
\BOOKMARK [3][-]{subsubsection.2.1.5}{\376\377\000R\000e\000m\000o\000v\000a\000l\000\040\000o\000f\000\040\000t\000h\000e\000\040\000G\000r\000a\000v\000i\000t\000y\000\040\000C\000o\000m\000p\000o\000n\000e\000n\000t}{subsection.2.1}% 8
\BOOKMARK [3][-]{subsubsection.2.1.6}{\376\377\000A\000u\000t\000o\000\040\000C\000a\000l\000i\000b\000r\000a\000t\000i\000o\000n\000\040\000o\000f\000\040\000O\000r\000i\000e\000n\000t\000a\000t\000i\000o\000n}{subsection.2.1}% 9
\BOOKMARK [3][-]{subsubsection.2.1.7}{\376\377\000N\000o\000i\000s\000e\000\040\000R\000e\000m\000o\000v\000a\000l}{subsection.2.1}% 10
\BOOKMARK [3][-]{subsubsection.2.1.8}{\376\377\000N\000o\000i\000s\000e\000\040\000R\000e\000m\000o\000v\000a\000l\000\040\000-\000\040\000U\000s\000i\000n\000g\000\040\000T\000h\000r\000e\000s\000h\000o\000l\000d}{subsection.2.1}% 11
\BOOKMARK [3][-]{subsubsection.2.1.9}{\376\377\000N\000o\000i\000s\000e\000\040\000R\000e\000m\000o\000v\000a\000l\000\040\000-\000\040\000U\000s\000i\000n\000g\000\040\000K\000a\000l\000m\000a\000n\000\040\000F\000i\000l\000t\000e\000r}{subsection.2.1}% 12
\BOOKMARK [3][-]{subsubsection.2.1.10}{\376\377\000N\000o\000i\000s\000e\000\040\000R\000e\000m\000o\000v\000a\000l\000\040\000-\000\040\000U\000s\000i\000n\000g\000\040\000F\000F\000T\000\050\000F\000a\000s\000t\000\040\000F\000o\000u\000r\000i\000e\000r\000\040\000T\000r\000a\000n\000s\000f\000o\000r\000m\000\051}{subsection.2.1}% 13
\BOOKMARK [3][-]{subsubsection.2.1.11}{\376\377\000L\000i\000m\000i\000t\000\040\000o\000f\000\040\000A\000c\000c\000e\000l\000e\000r\000o\000m\000e\000t\000e\000r}{subsection.2.1}% 14
\BOOKMARK [2][-]{subsection.2.2}{\376\377\000P\000l\000a\000n\000n\000i\000n\000g\000\040\000P\000u\000n\000c\000h\000\040\000P\000r\000e\000d\000i\000c\000t\000\040\000M\000o\000d\000e\000l}{section.2}% 15
\BOOKMARK [3][-]{subsubsection.2.2.1}{\376\377\000U\000s\000i\000n\000g\000\040\000C\000o\000n\000v\000o\000l\000u\000t\000i\000o\000n\000a\000l\000\040\000N\000e\000u\000r\000a\000l\000\040\000N\000e\000t\000w\000o\000r\000k\000\040\000\050\000C\000N\000N\000\051}{subsection.2.2}% 16
\BOOKMARK [3][-]{subsubsection.2.2.2}{\376\377\000U\000s\000i\000n\000g\000\040\000R\000e\000c\000u\000r\000r\000e\000n\000t\000\040\000N\000e\000u\000r\000a\000l\000\040\000N\000e\000t\000w\000o\000r\000k\000s\000\040\000\050\000R\000N\000N\000\051\000:\000\040\000L\000S\000T\000M\000\040\000a\000n\000d\000\040\000G\000R\000U}{subsection.2.2}% 17
\BOOKMARK [3][-]{subsubsection.2.2.3}{\376\377\000U\000s\000i\000n\000g\000\040\000H\000y\000b\000r\000i\000d\000\040\000A\000r\000c\000h\000i\000t\000e\000c\000t\000u\000r\000e\000:\000\040\000C\000N\000N\000\040\000+\000\040\000R\000N\000N}{subsection.2.2}% 18
\BOOKMARK [2][-]{subsection.2.3}{\376\377\000P\000r\000e\000p\000a\000r\000i\000n\000g\000\040\000P\000u\000n\000c\000h\000\040\000D\000a\000t\000a\000s\000e\000t}{section.2}% 19
\BOOKMARK [3][-]{subsubsection.2.3.1}{\376\377\000D\000a\000t\000a\000\040\000C\000o\000n\000s\000t\000r\000u\000c\000t\000i\000o\000n}{subsection.2.3}% 20
\BOOKMARK [3][-]{subsubsection.2.3.2}{\376\377\000D\000a\000t\000a\000\040\000A\000u\000g\000m\000e\000n\000t\000a\000t\000i\000o\000n\000\040\000U\000s\000i\000n\000g\000\040\000S\000l\000i\000d\000i\000n\000g\000\040\000W\000i\000n\000d\000o\000w}{subsection.2.3}% 21
\BOOKMARK [3][-]{subsubsection.2.3.3}{\376\377\000D\000a\000t\000a\000\040\000A\000c\000c\000u\000m\000u\000l\000a\000t\000i\000o\000n}{subsection.2.3}% 22
\BOOKMARK [2][-]{subsection.2.4}{\376\377\000A\000n\000a\000l\000y\000z\000i\000n\000g\000\040\000P\000u\000n\000c\000h\000\040\000D\000a\000t\000a}{section.2}% 23
\BOOKMARK [2][-]{subsection.2.5}{\376\377\000B\000u\000i\000l\000d\000i\000n\000g\000\040\000P\000u\000n\000c\000h\000\040\000P\000r\000e\000d\000i\000c\000t\000\040\000M\000o\000d\000e\000l}{section.2}% 24
\BOOKMARK [2][-]{subsection.2.6}{\376\377\000E\000v\000a\000l\000u\000a\000t\000i\000n\000g\000\040\000V\000a\000r\000i\000o\000u\000s\000\040\000P\000u\000n\000c\000h\000\040\000P\000r\000e\000d\000i\000c\000t\000\040\000M\000o\000d\000e\000l}{section.2}% 25
\BOOKMARK [2][-]{subsection.2.7}{\376\377\000D\000e\000v\000e\000l\000o\000p\000i\000n\000g\000\040\000S\000m\000a\000r\000t\000p\000h\000o\000n\000e\000\040\000A\000p\000p\000l\000i\000c\000a\000t\000i\000o\000n}{section.2}% 26
\BOOKMARK [3][-]{subsubsection.2.7.1}{\376\377\000U\000I\000/\000U\000X}{subsection.2.7}% 27
\BOOKMARK [1][-]{section.3}{\376\377\000R\000e\000s\000u\000l\000t\000s}{}% 28
